{"meta": {"format": 3, "version": "7.11.3", "timestamp": "2025-11-15T08:16:40.953221", "branch_coverage": false, "show_contexts": false}, "files": {"src\\frist\\__init__.py": {"executed_lines": [], "summary": {"covered_lines": 0, "num_statements": 7, "percent_covered": 0.0, "percent_covered_display": "0", "missing_lines": 7, "excluded_lines": 0}, "missing_lines": [18, 19, 20, 21, 23, 24, 26], "excluded_lines": [], "functions": {"": {"executed_lines": [], "summary": {"covered_lines": 0, "num_statements": 7, "percent_covered": 0.0, "percent_covered_display": "0", "missing_lines": 7, "excluded_lines": 0}, "missing_lines": [18, 19, 20, 21, 23, 24, 26], "excluded_lines": []}}, "classes": {"": {"executed_lines": [], "summary": {"covered_lines": 0, "num_statements": 7, "percent_covered": 0.0, "percent_covered_display": "0", "missing_lines": 7, "excluded_lines": 0}, "missing_lines": [18, 19, 20, 21, 23, 24, 26], "excluded_lines": []}}}, "src\\frist\\_age.py": {"executed_lines": [], "summary": {"covered_lines": 0, "num_statements": 95, "percent_covered": 0.0, "percent_covered_display": "0", "missing_lines": 95, "excluded_lines": 0}, "missing_lines": [7, 9, 11, 22, 24, 57, 63, 64, 65, 66, 67, 69, 71, 72, 73, 75, 76, 77, 79, 108, 109, 110, 111, 112, 114, 117, 118, 119, 120, 121, 123, 124, 125, 129, 130, 132, 134, 135, 137, 139, 140, 142, 144, 145, 147, 149, 150, 152, 154, 155, 157, 159, 160, 162, 164, 165, 174, 177, 178, 209, 210, 212, 213, 214, 216, 217, 218, 219, 221, 222, 223, 225, 226, 227, 230, 231, 234, 235, 236, 237, 239, 240, 253, 255, 256, 259, 261, 262, 264, 265, 268, 294, 295, 297, 301], "excluded_lines": [], "functions": {"Age.__init__": {"executed_lines": [], "summary": {"covered_lines": 0, "num_statements": 6, "percent_covered": 0.0, "percent_covered_display": "0", "missing_lines": 6, "excluded_lines": 0}, "missing_lines": [63, 64, 65, 66, 67, 69], "excluded_lines": []}, "Age.start_time": {"executed_lines": [], "summary": {"covered_lines": 0, "num_statements": 1, "percent_covered": 0.0, "percent_covered_display": "0", "missing_lines": 1, "excluded_lines": 0}, "missing_lines": [73], "excluded_lines": []}, "Age.end_time": {"executed_lines": [], "summary": {"covered_lines": 0, "num_statements": 1, "percent_covered": 0.0, "percent_covered_display": "0", "missing_lines": 1, "excluded_lines": 0}, "missing_lines": [77], "excluded_lines": []}, "Age.set_times": {"executed_lines": [], "summary": {"covered_lines": 0, "num_statements": 14, "percent_covered": 0.0, "percent_covered_display": "0", "missing_lines": 14, "excluded_lines": 0}, "missing_lines": [108, 109, 110, 111, 112, 114, 117, 118, 119, 120, 121, 123, 124, 125], "excluded_lines": []}, "Age.cal_policy": {"executed_lines": [], "summary": {"covered_lines": 0, "num_statements": 1, "percent_covered": 0.0, "percent_covered_display": "0", "missing_lines": 1, "excluded_lines": 0}, "missing_lines": [132], "excluded_lines": []}, "Age.seconds": {"executed_lines": [], "summary": {"covered_lines": 0, "num_statements": 1, "percent_covered": 0.0, "percent_covered_display": "0", "missing_lines": 1, "excluded_lines": 0}, "missing_lines": [137], "excluded_lines": []}, "Age.minutes": {"executed_lines": [], "summary": {"covered_lines": 0, "num_statements": 1, "percent_covered": 0.0, "percent_covered_display": "0", "missing_lines": 1, "excluded_lines": 0}, "missing_lines": [142], "excluded_lines": []}, "Age.hours": {"executed_lines": [], "summary": {"covered_lines": 0, "num_statements": 1, "percent_covered": 0.0, "percent_covered_display": "0", "missing_lines": 1, "excluded_lines": 0}, "missing_lines": [147], "excluded_lines": []}, "Age.days": {"executed_lines": [], "summary": {"covered_lines": 0, "num_statements": 1, "percent_covered": 0.0, "percent_covered_display": "0", "missing_lines": 1, "excluded_lines": 0}, "missing_lines": [152], "excluded_lines": []}, "Age.weeks": {"executed_lines": [], "summary": {"covered_lines": 0, "num_statements": 1, "percent_covered": 0.0, "percent_covered_display": "0", "missing_lines": 1, "excluded_lines": 0}, "missing_lines": [157], "excluded_lines": []}, "Age.months": {"executed_lines": [], "summary": {"covered_lines": 0, "num_statements": 1, "percent_covered": 0.0, "percent_covered_display": "0", "missing_lines": 1, "excluded_lines": 0}, "missing_lines": [162], "excluded_lines": []}, "Age.years": {"executed_lines": [], "summary": {"covered_lines": 0, "num_statements": 1, "percent_covered": 0.0, "percent_covered_display": "0", "missing_lines": 1, "excluded_lines": 0}, "missing_lines": [174], "excluded_lines": []}, "Age.working_days": {"executed_lines": [], "summary": {"covered_lines": 0, "num_statements": 21, "percent_covered": 0.0, "percent_covered_display": "0", "missing_lines": 21, "excluded_lines": 0}, "missing_lines": [209, 210, 212, 213, 214, 216, 217, 218, 219, 221, 222, 223, 225, 226, 227, 230, 231, 234, 235, 236, 237], "excluded_lines": []}, "Age.parse": {"executed_lines": [], "summary": {"covered_lines": 0, "num_statements": 12, "percent_covered": 0.0, "percent_covered_display": "0", "missing_lines": 12, "excluded_lines": 0}, "missing_lines": [253, 255, 256, 259, 261, 262, 264, 265, 268, 294, 295, 297], "excluded_lines": []}, "": {"executed_lines": [], "summary": {"covered_lines": 0, "num_statements": 32, "percent_covered": 0.0, "percent_covered_display": "0", "missing_lines": 32, "excluded_lines": 0}, "missing_lines": [7, 9, 11, 22, 24, 57, 71, 72, 75, 76, 79, 129, 130, 134, 135, 139, 140, 144, 145, 149, 150, 154, 155, 159, 160, 164, 165, 177, 178, 239, 240, 301], "excluded_lines": []}}, "classes": {"Age": {"executed_lines": [], "summary": {"covered_lines": 0, "num_statements": 63, "percent_covered": 0.0, "percent_covered_display": "0", "missing_lines": 63, "excluded_lines": 0}, "missing_lines": [63, 64, 65, 66, 67, 69, 73, 77, 108, 109, 110, 111, 112, 114, 117, 118, 119, 120, 121, 123, 124, 125, 132, 137, 142, 147, 152, 157, 162, 174, 209, 210, 212, 213, 214, 216, 217, 218, 219, 221, 222, 223, 225, 226, 227, 230, 231, 234, 235, 236, 237, 253, 255, 256, 259, 261, 262, 264, 265, 268, 294, 295, 297], "excluded_lines": []}, "": {"executed_lines": [], "summary": {"covered_lines": 0, "num_statements": 32, "percent_covered": 0.0, "percent_covered_display": "0", "missing_lines": 32, "excluded_lines": 0}, "missing_lines": [7, 9, 11, 22, 24, 57, 71, 72, 75, 76, 79, 129, 130, 134, 135, 139, 140, 144, 145, 149, 150, 154, 155, 159, 160, 164, 165, 177, 178, 239, 240, 301], "excluded_lines": []}}}, "src\\frist\\_cal.py": {"executed_lines": [], "summary": {"covered_lines": 0, "num_statements": 213, "percent_covered": 0.0, "percent_covered_display": "0", "missing_lines": 213, "excluded_lines": 3}, "missing_lines": [10, 11, 13, 14, 16, 17, 25, 47, 50, 51, 53, 54, 57, 63, 71, 87, 88, 89, 90, 91, 92, 93, 94, 95, 99, 102, 109, 110, 111, 112, 114, 116, 117, 118, 119, 121, 123, 124, 126, 129, 130, 132, 134, 135, 137, 139, 140, 142, 144, 145, 147, 149, 150, 152, 154, 155, 157, 159, 160, 162, 164, 165, 167, 169, 171, 174, 175, 192, 195, 196, 198, 199, 201, 203, 204, 221, 224, 225, 227, 228, 230, 232, 233, 247, 250, 251, 253, 256, 257, 274, 275, 277, 279, 280, 281, 282, 283, 284, 285, 286, 288, 289, 292, 293, 296, 297, 311, 312, 313, 316, 317, 318, 319, 320, 321, 322, 323, 326, 327, 328, 329, 330, 331, 332, 333, 336, 337, 338, 340, 342, 343, 360, 361, 364, 365, 367, 368, 369, 370, 371, 373, 374, 377, 378, 381, 382, 383, 386, 388, 389, 403, 404, 407, 408, 410, 412, 413, 434, 436, 437, 440, 441, 444, 445, 446, 450, 453, 454, 470, 471, 472, 473, 475, 476, 477, 478, 479, 481, 482, 484, 485, 487, 488, 489, 491, 494, 495, 511, 512, 513, 514, 515, 517, 519, 521, 522, 524, 526, 527, 529, 530, 532, 533, 544, 545, 546, 547, 548, 549, 550, 551, 552, 553], "excluded_lines": [19, 20, 72], "functions": {"normalize_weekday": {"executed_lines": [], "summary": {"covered_lines": 0, "num_statements": 7, "percent_covered": 0.0, "percent_covered_display": "0", "missing_lines": 7, "excluded_lines": 0}, "missing_lines": [47, 50, 51, 53, 54, 57, 63], "excluded_lines": []}, "verify_start_end": {"executed_lines": [], "summary": {"covered_lines": 0, "num_statements": 3, "percent_covered": 0.0, "percent_covered_display": "0", "missing_lines": 3, "excluded_lines": 1}, "missing_lines": [87, 88, 95], "excluded_lines": [72]}, "verify_start_end.wrapper": {"executed_lines": [], "summary": {"covered_lines": 0, "num_statements": 6, "percent_covered": 0.0, "percent_covered_display": "0", "missing_lines": 6, "excluded_lines": 0}, "missing_lines": [89, 90, 91, 92, 93, 94], "excluded_lines": []}, "Cal.__init__": {"executed_lines": [], "summary": {"covered_lines": 0, "num_statements": 13, "percent_covered": 0.0, "percent_covered_display": "0", "missing_lines": 13, "excluded_lines": 0}, "missing_lines": [109, 110, 111, 112, 114, 116, 117, 118, 119, 121, 123, 124, 126], "excluded_lines": []}, "Cal.target_dt": {"executed_lines": [], "summary": {"covered_lines": 0, "num_statements": 1, "percent_covered": 0.0, "percent_covered_display": "0", "missing_lines": 1, "excluded_lines": 0}, "missing_lines": [132], "excluded_lines": []}, "Cal.ref_dt": {"executed_lines": [], "summary": {"covered_lines": 0, "num_statements": 1, "percent_covered": 0.0, "percent_covered_display": "0", "missing_lines": 1, "excluded_lines": 0}, "missing_lines": [137], "excluded_lines": []}, "Cal.holiday": {"executed_lines": [], "summary": {"covered_lines": 0, "num_statements": 1, "percent_covered": 0.0, "percent_covered_display": "0", "missing_lines": 1, "excluded_lines": 0}, "missing_lines": [142], "excluded_lines": []}, "Cal.fiscal_year": {"executed_lines": [], "summary": {"covered_lines": 0, "num_statements": 1, "percent_covered": 0.0, "percent_covered_display": "0", "missing_lines": 1, "excluded_lines": 0}, "missing_lines": [147], "excluded_lines": []}, "Cal.fiscal_quarter": {"executed_lines": [], "summary": {"covered_lines": 0, "num_statements": 1, "percent_covered": 0.0, "percent_covered_display": "0", "missing_lines": 1, "excluded_lines": 0}, "missing_lines": [152], "excluded_lines": []}, "Cal.is_workday": {"executed_lines": [], "summary": {"covered_lines": 0, "num_statements": 1, "percent_covered": 0.0, "percent_covered_display": "0", "missing_lines": 1, "excluded_lines": 0}, "missing_lines": [157], "excluded_lines": []}, "Cal.is_weekend": {"executed_lines": [], "summary": {"covered_lines": 0, "num_statements": 1, "percent_covered": 0.0, "percent_covered_display": "0", "missing_lines": 1, "excluded_lines": 0}, "missing_lines": [162], "excluded_lines": []}, "Cal.is_weekday": {"executed_lines": [], "summary": {"covered_lines": 0, "num_statements": 1, "percent_covered": 0.0, "percent_covered_display": "0", "missing_lines": 1, "excluded_lines": 0}, "missing_lines": [167], "excluded_lines": []}, "Cal.is_business_time": {"executed_lines": [], "summary": {"covered_lines": 0, "num_statements": 1, "percent_covered": 0.0, "percent_covered_display": "0", "missing_lines": 1, "excluded_lines": 0}, "missing_lines": [171], "excluded_lines": []}, "Cal.in_minutes": {"executed_lines": [], "summary": {"covered_lines": 0, "num_statements": 6, "percent_covered": 0.0, "percent_covered_display": "0", "missing_lines": 6, "excluded_lines": 0}, "missing_lines": [192, 195, 196, 198, 199, 201], "excluded_lines": []}, "Cal.in_hours": {"executed_lines": [], "summary": {"covered_lines": 0, "num_statements": 6, "percent_covered": 0.0, "percent_covered_display": "0", "missing_lines": 6, "excluded_lines": 0}, "missing_lines": [221, 224, 225, 227, 228, 230], "excluded_lines": []}, "Cal.in_days": {"executed_lines": [], "summary": {"covered_lines": 0, "num_statements": 4, "percent_covered": 0.0, "percent_covered_display": "0", "missing_lines": 4, "excluded_lines": 0}, "missing_lines": [247, 250, 251, 253], "excluded_lines": []}, "Cal.in_workdays": {"executed_lines": [], "summary": {"covered_lines": 0, "num_statements": 7, "percent_covered": 0.0, "percent_covered_display": "0", "missing_lines": 7, "excluded_lines": 0}, "missing_lines": [274, 275, 277, 288, 289, 292, 293], "excluded_lines": []}, "Cal.in_workdays.move_workdays": {"executed_lines": [], "summary": {"covered_lines": 0, "num_statements": 8, "percent_covered": 0.0, "percent_covered_display": "0", "missing_lines": 8, "excluded_lines": 0}, "missing_lines": [279, 280, 281, 282, 283, 284, 285, 286], "excluded_lines": []}, "Cal.in_months": {"executed_lines": [], "summary": {"covered_lines": 0, "num_statements": 23, "percent_covered": 0.0, "percent_covered_display": "0", "missing_lines": 23, "excluded_lines": 0}, "missing_lines": [311, 312, 313, 316, 317, 318, 319, 320, 321, 322, 323, 326, 327, 328, 329, 330, 331, 332, 333, 336, 337, 338, 340], "excluded_lines": []}, "Cal.in_quarters": {"executed_lines": [], "summary": {"covered_lines": 0, "num_statements": 13, "percent_covered": 0.0, "percent_covered_display": "0", "missing_lines": 13, "excluded_lines": 0}, "missing_lines": [360, 361, 364, 365, 367, 373, 374, 377, 378, 381, 382, 383, 386], "excluded_lines": []}, "Cal.in_quarters.normalize_quarter_year": {"executed_lines": [], "summary": {"covered_lines": 0, "num_statements": 4, "percent_covered": 0.0, "percent_covered_display": "0", "missing_lines": 4, "excluded_lines": 0}, "missing_lines": [368, 369, 370, 371], "excluded_lines": []}, "Cal.in_years": {"executed_lines": [], "summary": {"covered_lines": 0, "num_statements": 5, "percent_covered": 0.0, "percent_covered_display": "0", "missing_lines": 5, "excluded_lines": 0}, "missing_lines": [403, 404, 407, 408, 410], "excluded_lines": []}, "Cal.in_weeks": {"executed_lines": [], "summary": {"covered_lines": 0, "num_statements": 9, "percent_covered": 0.0, "percent_covered_display": "0", "missing_lines": 9, "excluded_lines": 0}, "missing_lines": [434, 436, 437, 440, 441, 444, 445, 446, 450], "excluded_lines": []}, "Cal.in_fiscal_quarters": {"executed_lines": [], "summary": {"covered_lines": 0, "num_statements": 13, "percent_covered": 0.0, "percent_covered_display": "0", "missing_lines": 13, "excluded_lines": 0}, "missing_lines": [470, 471, 472, 473, 475, 481, 482, 484, 485, 487, 488, 489, 491], "excluded_lines": []}, "Cal.in_fiscal_quarters.normalize_fiscal_quarter_year": {"executed_lines": [], "summary": {"covered_lines": 0, "num_statements": 4, "percent_covered": 0.0, "percent_covered_display": "0", "missing_lines": 4, "excluded_lines": 0}, "missing_lines": [476, 477, 478, 479], "excluded_lines": []}, "Cal.in_fiscal_years": {"executed_lines": [], "summary": {"covered_lines": 0, "num_statements": 7, "percent_covered": 0.0, "percent_covered_display": "0", "missing_lines": 7, "excluded_lines": 0}, "missing_lines": [511, 512, 513, 514, 515, 517, 519], "excluded_lines": []}, "Cal.get_fiscal_year": {"executed_lines": [], "summary": {"covered_lines": 0, "num_statements": 1, "percent_covered": 0.0, "percent_covered_display": "0", "missing_lines": 1, "excluded_lines": 0}, "missing_lines": [524], "excluded_lines": []}, "Cal.get_fiscal_quarter": {"executed_lines": [], "summary": {"covered_lines": 0, "num_statements": 2, "percent_covered": 0.0, "percent_covered_display": "0", "missing_lines": 2, "excluded_lines": 0}, "missing_lines": [529, 530], "excluded_lines": []}, "Cal.count_business_days": {"executed_lines": [], "summary": {"covered_lines": 0, "num_statements": 10, "percent_covered": 0.0, "percent_covered_display": "0", "missing_lines": 10, "excluded_lines": 0}, "missing_lines": [544, 545, 546, 547, 548, 549, 550, 551, 552, 553], "excluded_lines": []}, "": {"executed_lines": [], "summary": {"covered_lines": 0, "num_statements": 53, "percent_covered": 0.0, "percent_covered_display": "0", "missing_lines": 53, "excluded_lines": 2}, "missing_lines": [10, 11, 13, 14, 16, 17, 25, 71, 99, 102, 129, 130, 134, 135, 139, 140, 144, 145, 149, 150, 154, 155, 159, 160, 164, 165, 169, 174, 175, 203, 204, 232, 233, 256, 257, 296, 297, 342, 343, 388, 389, 412, 413, 453, 454, 494, 495, 521, 522, 526, 527, 532, 533], "excluded_lines": [19, 20]}}, "classes": {"Cal": {"executed_lines": [], "summary": {"covered_lines": 0, "num_statements": 144, "percent_covered": 0.0, "percent_covered_display": "0", "missing_lines": 144, "excluded_lines": 0}, "missing_lines": [109, 110, 111, 112, 114, 116, 117, 118, 119, 121, 123, 124, 126, 132, 137, 142, 147, 152, 157, 162, 167, 171, 192, 195, 196, 198, 199, 201, 221, 224, 225, 227, 228, 230, 247, 250, 251, 253, 274, 275, 277, 279, 280, 281, 282, 283, 284, 285, 286, 288, 289, 292, 293, 311, 312, 313, 316, 317, 318, 319, 320, 321, 322, 323, 326, 327, 328, 329, 330, 331, 332, 333, 336, 337, 338, 340, 360, 361, 364, 365, 367, 368, 369, 370, 371, 373, 374, 377, 378, 381, 382, 383, 386, 403, 404, 407, 408, 410, 434, 436, 437, 440, 441, 444, 445, 446, 450, 470, 471, 472, 473, 475, 476, 477, 478, 479, 481, 482, 484, 485, 487, 488, 489, 491, 511, 512, 513, 514, 515, 517, 519, 524, 529, 530, 544, 545, 546, 547, 548, 549, 550, 551, 552, 553], "excluded_lines": []}, "": {"executed_lines": [], "summary": {"covered_lines": 0, "num_statements": 69, "percent_covered": 0.0, "percent_covered_display": "0", "missing_lines": 69, "excluded_lines": 3}, "missing_lines": [10, 11, 13, 14, 16, 17, 25, 47, 50, 51, 53, 54, 57, 63, 71, 87, 88, 89, 90, 91, 92, 93, 94, 95, 99, 102, 129, 130, 134, 135, 139, 140, 144, 145, 149, 150, 154, 155, 159, 160, 164, 165, 169, 174, 175, 203, 204, 232, 233, 256, 257, 296, 297, 342, 343, 388, 389, 412, 413, 453, 454, 494, 495, 521, 522, 526, 527, 532, 533], "excluded_lines": [19, 20, 72]}}}, "src\\frist\\_cal_policy.py": {"executed_lines": [], "summary": {"covered_lines": 0, "num_statements": 64, "percent_covered": 0.0, "percent_covered_display": "0", "missing_lines": 64, "excluded_lines": 0}, "missing_lines": [38, 39, 40, 43, 44, 53, 54, 55, 56, 57, 59, 60, 61, 62, 63, 64, 65, 66, 67, 68, 70, 75, 76, 77, 78, 80, 81, 84, 89, 90, 91, 92, 94, 95, 97, 102, 104, 108, 109, 110, 112, 121, 122, 123, 124, 125, 126, 128, 131, 133, 147, 148, 149, 150, 151, 152, 153, 154, 155, 156, 157, 158, 159, 160], "excluded_lines": [], "functions": {"CalendarPolicy.__post_init__": {"executed_lines": [], "summary": {"covered_lines": 0, "num_statements": 9, "percent_covered": 0.0, "percent_covered_display": "0", "missing_lines": 9, "excluded_lines": 0}, "missing_lines": [60, 61, 62, 63, 64, 65, 66, 67, 68], "excluded_lines": []}, "CalendarPolicy.is_weekend": {"executed_lines": [], "summary": {"covered_lines": 0, "num_statements": 6, "percent_covered": 0.0, "percent_covered_display": "0", "missing_lines": 6, "excluded_lines": 0}, "missing_lines": [75, 76, 77, 78, 80, 81], "excluded_lines": []}, "CalendarPolicy.is_workday": {"executed_lines": [], "summary": {"covered_lines": 0, "num_statements": 6, "percent_covered": 0.0, "percent_covered_display": "0", "missing_lines": 6, "excluded_lines": 0}, "missing_lines": [89, 90, 91, 92, 94, 95], "excluded_lines": []}, "CalendarPolicy.is_business_time": {"executed_lines": [], "summary": {"covered_lines": 0, "num_statements": 1, "percent_covered": 0.0, "percent_covered_display": "0", "missing_lines": 1, "excluded_lines": 0}, "missing_lines": [102], "excluded_lines": []}, "CalendarPolicy.is_business_day": {"executed_lines": [], "summary": {"covered_lines": 0, "num_statements": 3, "percent_covered": 0.0, "percent_covered_display": "0", "missing_lines": 3, "excluded_lines": 0}, "missing_lines": [108, 109, 110], "excluded_lines": []}, "CalendarPolicy.is_holiday": {"executed_lines": [], "summary": {"covered_lines": 0, "num_statements": 8, "percent_covered": 0.0, "percent_covered_display": "0", "missing_lines": 8, "excluded_lines": 0}, "missing_lines": [121, 122, 123, 124, 125, 126, 128, 131], "excluded_lines": []}, "CalendarPolicy.business_day_fraction": {"executed_lines": [], "summary": {"covered_lines": 0, "num_statements": 14, "percent_covered": 0.0, "percent_covered_display": "0", "missing_lines": 14, "excluded_lines": 0}, "missing_lines": [147, 148, 149, 150, 151, 152, 153, 154, 155, 156, 157, 158, 159, 160], "excluded_lines": []}, "": {"executed_lines": [], "summary": {"covered_lines": 0, "num_statements": 17, "percent_covered": 0.0, "percent_covered_display": "0", "missing_lines": 17, "excluded_lines": 0}, "missing_lines": [38, 39, 40, 43, 44, 53, 54, 55, 56, 57, 59, 70, 84, 97, 104, 112, 133], "excluded_lines": []}}, "classes": {"CalendarPolicy": {"executed_lines": [], "summary": {"covered_lines": 0, "num_statements": 47, "percent_covered": 0.0, "percent_covered_display": "0", "missing_lines": 47, "excluded_lines": 0}, "missing_lines": [60, 61, 62, 63, 64, 65, 66, 67, 68, 75, 76, 77, 78, 80, 81, 89, 90, 91, 92, 94, 95, 102, 108, 109, 110, 121, 122, 123, 124, 125, 126, 128, 131, 147, 148, 149, 150, 151, 152, 153, 154, 155, 156, 157, 158, 159, 160], "excluded_lines": []}, "": {"executed_lines": [], "summary": {"covered_lines": 0, "num_statements": 17, "percent_covered": 0.0, "percent_covered_display": "0", "missing_lines": 17, "excluded_lines": 0}, "missing_lines": [38, 39, 40, 43, 44, 53, 54, 55, 56, 57, 59, 70, 84, 97, 104, 112, 133], "excluded_lines": []}}}, "src\\frist\\_constants.py": {"executed_lines": [], "summary": {"covered_lines": 0, "num_statements": 14, "percent_covered": 0.0, "percent_covered_display": "0", "missing_lines": 14, "excluded_lines": 0}, "missing_lines": [6, 9, 10, 11, 12, 15, 16, 17, 18, 21, 24, 25, 28, 37], "excluded_lines": [], "functions": {"": {"executed_lines": [], "summary": {"covered_lines": 0, "num_statements": 14, "percent_covered": 0.0, "percent_covered_display": "0", "missing_lines": 14, "excluded_lines": 0}, "missing_lines": [6, 9, 10, 11, 12, 15, 16, 17, 18, 21, 24, 25, 28, 37], "excluded_lines": []}}, "classes": {"": {"executed_lines": [], "summary": {"covered_lines": 0, "num_statements": 14, "percent_covered": 0.0, "percent_covered_display": "0", "missing_lines": 14, "excluded_lines": 0}, "missing_lines": [6, 9, 10, 11, 12, 15, 16, 17, 18, 21, 24, 25, 28, 37], "excluded_lines": []}}}, "src\\frist\\_frist.py": {"executed_lines": [], "summary": {"covered_lines": 0, "num_statements": 43, "percent_covered": 0.0, "percent_covered_display": "0", "missing_lines": 43, "excluded_lines": 0}, "missing_lines": [8, 10, 11, 12, 15, 38, 56, 57, 58, 59, 60, 61, 62, 65, 66, 70, 72, 73, 77, 79, 80, 82, 85, 86, 103, 106, 107, 108, 111, 123, 124, 125, 126, 127, 128, 130, 132, 142, 145, 147, 149, 151, 154], "excluded_lines": [], "functions": {"Chrono.__init__": {"executed_lines": [], "summary": {"covered_lines": 0, "num_statements": 7, "percent_covered": 0.0, "percent_covered_display": "0", "missing_lines": 7, "excluded_lines": 0}, "missing_lines": [56, 57, 58, 59, 60, 61, 62], "excluded_lines": []}, "Chrono.age": {"executed_lines": [], "summary": {"covered_lines": 0, "num_statements": 1, "percent_covered": 0.0, "percent_covered_display": "0", "missing_lines": 1, "excluded_lines": 0}, "missing_lines": [70], "excluded_lines": []}, "Chrono.cal": {"executed_lines": [], "summary": {"covered_lines": 0, "num_statements": 1, "percent_covered": 0.0, "percent_covered_display": "0", "missing_lines": 1, "excluded_lines": 0}, "missing_lines": [77], "excluded_lines": []}, "Chrono.timestamp": {"executed_lines": [], "summary": {"covered_lines": 0, "num_statements": 1, "percent_covered": 0.0, "percent_covered_display": "0", "missing_lines": 1, "excluded_lines": 0}, "missing_lines": [82], "excluded_lines": []}, "Chrono.parse": {"executed_lines": [], "summary": {"covered_lines": 0, "num_statements": 12, "percent_covered": 0.0, "percent_covered_display": "0", "missing_lines": 12, "excluded_lines": 0}, "missing_lines": [103, 106, 107, 108, 111, 123, 124, 125, 126, 127, 128, 130], "excluded_lines": []}, "Chrono.with_reference_time": {"executed_lines": [], "summary": {"covered_lines": 0, "num_statements": 1, "percent_covered": 0.0, "percent_covered_display": "0", "missing_lines": 1, "excluded_lines": 0}, "missing_lines": [142], "excluded_lines": []}, "Chrono.__repr__": {"executed_lines": [], "summary": {"covered_lines": 0, "num_statements": 1, "percent_covered": 0.0, "percent_covered_display": "0", "missing_lines": 1, "excluded_lines": 0}, "missing_lines": [147], "excluded_lines": []}, "Chrono.__str__": {"executed_lines": [], "summary": {"covered_lines": 0, "num_statements": 1, "percent_covered": 0.0, "percent_covered_display": "0", "missing_lines": 1, "excluded_lines": 0}, "missing_lines": [151], "excluded_lines": []}, "": {"executed_lines": [], "summary": {"covered_lines": 0, "num_statements": 18, "percent_covered": 0.0, "percent_covered_display": "0", "missing_lines": 18, "excluded_lines": 0}, "missing_lines": [8, 10, 11, 12, 15, 38, 65, 66, 72, 73, 79, 80, 85, 86, 132, 145, 149, 154], "excluded_lines": []}}, "classes": {"Chrono": {"executed_lines": [], "summary": {"covered_lines": 0, "num_statements": 25, "percent_covered": 0.0, "percent_covered_display": "0", "missing_lines": 25, "excluded_lines": 0}, "missing_lines": [56, 57, 58, 59, 60, 61, 62, 70, 77, 82, 103, 106, 107, 108, 111, 123, 124, 125, 126, 127, 128, 130, 142, 147, 151], "excluded_lines": []}, "": {"executed_lines": [], "summary": {"covered_lines": 0, "num_statements": 18, "percent_covered": 0.0, "percent_covered_display": "0", "missing_lines": 18, "excluded_lines": 0}, "missing_lines": [8, 10, 11, 12, 15, 38, 65, 66, 72, 73, 79, 80, 85, 86, 132, 145, 149, 154], "excluded_lines": []}}}}, "totals": {"covered_lines": 0, "num_statements": 436, "percent_covered": 0.0, "percent_covered_display": "0", "missing_lines": 436, "excluded_lines": 3}}